<?xml version="1.0" encoding="UTF-8"?>
<coverage generated="1752448390698" clover="3.2.0">
  <project timestamp="1752448390699" name="All files">
    <metrics statements="96" coveredstatements="92" conditionals="26" coveredconditionals="24" methods="26" coveredmethods="24" elements="148" coveredelements="140" complexity="0" loc="96" ncloc="96" packages="3" files="7" classes="7"/>
    <package name="src">
      <metrics statements="33" coveredstatements="31" conditionals="6" coveredconditionals="5" methods="8" coveredmethods="7"/>
      <file name="App.tsx" path="C:\Users\Administrator\Desktop\rs-school\class-components\src\App.tsx">
        <metrics statements="28" coveredstatements="27" conditionals="6" coveredconditionals="5" methods="7" coveredmethods="7"/>
        <line num="1" count="1" type="stmt"/>
        <line num="2" count="1" type="stmt"/>
        <line num="3" count="1" type="stmt"/>
        <line num="5" count="1" type="stmt"/>
        <line num="6" count="1" type="stmt"/>
        <line num="18" count="7" type="stmt"/>
        <line num="19" count="6" type="stmt"/>
        <line num="29" count="6" type="stmt"/>
        <line num="32" count="6" type="stmt"/>
        <line num="33" count="3" type="stmt"/>
        <line num="34" count="3" type="stmt"/>
        <line num="35" count="3" type="stmt"/>
        <line num="39" count="6" type="stmt"/>
        <line num="40" count="9" type="stmt"/>
        <line num="41" count="9" type="stmt"/>
        <line num="42" count="9" type="stmt"/>
        <line num="43" count="9" type="stmt"/>
        <line num="44" count="8" type="stmt"/>
        <line num="46" count="1" type="cond" truecount="1" falsecount="1"/>
        <line num="47" count="1" type="stmt"/>
        <line num="49" count="0" type="stmt"/>
        <line num="54" count="6" type="stmt"/>
        <line num="55" count="1" type="stmt"/>
        <line num="59" count="25" type="stmt"/>
        <line num="61" count="25" type="cond" truecount="2" falsecount="0"/>
        <line num="62" count="2" type="stmt"/>
        <line num="65" count="23" type="stmt"/>
        <line num="87" count="1" type="stmt"/>
      </file>
      <file name="test-utils.tsx" path="C:\Users\Administrator\Desktop\rs-school\class-components\src\test-utils.tsx">
        <metrics statements="5" coveredstatements="4" conditionals="0" coveredconditionals="0" methods="1" coveredmethods="0"/>
        <line num="1" count="2" type="stmt"/>
        <line num="3" count="2" type="stmt"/>
        <line num="5" count="2" type="stmt"/>
        <line num="6" count="0" type="stmt"/>
        <line num="9" count="2" type="stmt"/>
      </file>
    </package>
    <package name="src.components">
      <metrics statements="42" coveredstatements="41" conditionals="12" coveredconditionals="12" methods="14" coveredmethods="13"/>
      <file name="error-boundary.tsx" path="C:\Users\Administrator\Desktop\rs-school\class-components\src\components\error-boundary.tsx">
        <metrics statements="10" coveredstatements="9" conditionals="2" coveredconditionals="2" methods="5" coveredmethods="4"/>
        <line num="1" count="3" type="stmt"/>
        <line num="14" count="4" type="stmt"/>
        <line num="15" count="3" type="stmt"/>
        <line num="19" count="2" type="stmt"/>
        <line num="23" count="1" type="stmt"/>
        <line num="27" count="5" type="cond" truecount="2" falsecount="0"/>
        <line num="28" count="2" type="stmt"/>
        <line num="32" count="0" type="stmt"/>
        <line num="39" count="3" type="stmt"/>
        <line num="43" count="3" type="stmt"/>
      </file>
      <file name="pokemon-item.tsx" path="C:\Users\Administrator\Desktop\rs-school\class-components\src\components\pokemon-item.tsx">
        <metrics statements="4" coveredstatements="4" conditionals="0" coveredconditionals="0" methods="1" coveredmethods="1"/>
        <line num="1" count="3" type="stmt"/>
        <line num="10" count="3" type="stmt"/>
        <line num="11" count="3" type="stmt"/>
        <line num="20" count="3" type="stmt"/>
      </file>
      <file name="results.tsx" path="C:\Users\Administrator\Desktop\rs-school\class-components\src\components\results.tsx">
        <metrics statements="14" coveredstatements="14" conditionals="8" coveredconditionals="8" methods="3" coveredmethods="3"/>
        <line num="1" count="2" type="stmt"/>
        <line num="3" count="2" type="stmt"/>
        <line num="12" count="2" type="stmt"/>
        <line num="17" count="27" type="stmt"/>
        <line num="19" count="27" type="cond" truecount="2" falsecount="0"/>
        <line num="20" count="10" type="stmt"/>
        <line num="27" count="17" type="cond" truecount="2" falsecount="0"/>
        <line num="28" count="2" type="stmt"/>
        <line num="35" count="15" type="cond" truecount="4" falsecount="0"/>
        <line num="36" count="13" type="stmt"/>
        <line num="43" count="2" type="stmt"/>
        <line num="46" count="2" type="stmt"/>
        <line num="53" count="27" type="stmt"/>
        <line num="57" count="2" type="stmt"/>
      </file>
      <file name="search-bar.tsx" path="C:\Users\Administrator\Desktop\rs-school\class-components\src\components\search-bar.tsx">
        <metrics statements="14" coveredstatements="14" conditionals="2" coveredconditionals="2" methods="5" coveredmethods="5"/>
        <line num="1" count="2" type="stmt"/>
        <line num="14" count="12" type="stmt"/>
        <line num="15" count="12" type="stmt"/>
        <line num="18" count="12" type="stmt"/>
        <line num="19" count="2" type="stmt"/>
        <line num="22" count="12" type="stmt"/>
        <line num="23" count="2" type="cond" truecount="2" falsecount="0"/>
        <line num="24" count="1" type="stmt"/>
        <line num="28" count="12" type="stmt"/>
        <line num="29" count="5" type="stmt"/>
        <line num="30" count="5" type="stmt"/>
        <line num="34" count="30" type="stmt"/>
        <line num="35" count="30" type="stmt"/>
        <line num="54" count="2" type="stmt"/>
      </file>
    </package>
    <package name="src.services">
      <metrics statements="21" coveredstatements="20" conditionals="8" coveredconditionals="7" methods="4" coveredmethods="4"/>
      <file name="pokeapi.ts" path="C:\Users\Administrator\Desktop\rs-school\class-components\src\services\pokeapi.ts">
        <metrics statements="21" coveredstatements="20" conditionals="8" coveredconditionals="7" methods="4" coveredmethods="4"/>
        <line num="9" count="5" type="stmt"/>
        <line num="10" count="5" type="stmt"/>
        <line num="11" count="3" type="cond" truecount="2" falsecount="0"/>
        <line num="12" count="1" type="stmt"/>
        <line num="14" count="2" type="stmt"/>
        <line num="16" count="3" type="cond" truecount="2" falsecount="0"/>
        <line num="17" count="2" type="stmt"/>
        <line num="19" count="1" type="stmt"/>
        <line num="23" count="2" type="stmt"/>
        <line num="24" count="7" type="stmt"/>
        <line num="25" count="7" type="cond" truecount="2" falsecount="0"/>
        <line num="26" count="2" type="stmt"/>
        <line num="29" count="5" type="stmt"/>
        <line num="30" count="5" type="stmt"/>
        <line num="34" count="2" type="stmt"/>
        <line num="35" count="22" type="stmt"/>
        <line num="37" count="11" type="stmt"/>
        <line num="42" count="2" type="stmt"/>
        <line num="44" count="3" type="cond" truecount="1" falsecount="1"/>
        <line num="45" count="3" type="stmt"/>
        <line num="47" count="0" type="stmt"/>
      </file>
    </package>
  </project>
</coverage>
