{"C:\\Users\\Administrator\\Desktop\\rs-school\\class-components\\src\\App.tsx": {"path":"C:\\Users\\Administrator\\Desktop\\rs-school\\class-components\\src\\App.tsx","statementMap":{"0":{"start":{"line":1,"column":0},"end":{"line":1,"column":34}},"1":{"start":{"line":2,"column":0},"end":{"line":2,"column":48}},"2":{"start":{"line":3,"column":0},"end":{"line":3,"column":43}},"3":{"start":{"line":5,"column":0},"end":{"line":5,"column":50}},"4":{"start":{"line":6,"column":0},"end":{"line":6,"column":19}},"5":{"start":{"line":18,"column":4},"end":{"line":18,"column":17}},"6":{"start":{"line":32,"column":2},"end":{"line":37,"column":null}},"7":{"start":{"line":33,"column":4},"end":{"line":36,"column":7}},"8":{"start":{"line":34,"column":6},"end":{"line":34,"column":47}},"9":{"start":{"line":35,"column":6},"end":{"line":35,"column":23}},"10":{"start":{"line":39,"column":2},"end":{"line":52,"column":null}},"11":{"start":{"line":40,"column":27},"end":{"line":40,"column":37}},"12":{"start":{"line":41,"column":4},"end":{"line":41,"column":63}},"13":{"start":{"line":42,"column":4},"end":{"line":51,"column":5}},"14":{"start":{"line":43,"column":19},"end":{"line":43,"column":49}},"15":{"start":{"line":44,"column":6},"end":{"line":44,"column":55}},"16":{"start":{"line":46,"column":6},"end":{"line":50,"column":7}},"17":{"start":{"line":47,"column":8},"end":{"line":47,"column":62}},"18":{"start":{"line":49,"column":8},"end":{"line":49,"column":78}},"19":{"start":{"line":54,"column":2},"end":{"line":56,"column":null}},"20":{"start":{"line":55,"column":4},"end":{"line":55,"column":39}},"21":{"start":{"line":19,"column":4},"end":{"line":25,"column":6}},"22":{"start":{"line":29,"column":4},"end":{"line":29,"column":21}},"23":{"start":{"line":59,"column":63},"end":{"line":59,"column":73}},"24":{"start":{"line":61,"column":4},"end":{"line":63,"column":5}},"25":{"start":{"line":62,"column":6},"end":{"line":62,"column":36}},"26":{"start":{"line":65,"column":4},"end":{"line":83,"column":6}},"27":{"start":{"line":87,"column":0},"end":{"line":87,"column":19}}},"fnMap":{"0":{"name":"(anonymous_1)","decl":{"start":{"line":17,"column":2},"end":{"line":17,"column":14}},"loc":{"start":{"line":17,"column":42},"end":{"line":26,"column":3}}},"1":{"name":"(anonymous_2)","decl":{"start":{"line":32,"column":17},"end":{"line":32,"column":18}},"loc":{"start":{"line":32,"column":34},"end":{"line":37,"column":3}}},"2":{"name":"(anonymous_3)","decl":{"start":{"line":33,"column":40},"end":{"line":33,"column":43}},"loc":{"start":{"line":33,"column":45},"end":{"line":36,"column":5}}},"3":{"name":"(anonymous_4)","decl":{"start":{"line":39,"column":14},"end":{"line":39,"column":19}},"loc":{"start":{"line":39,"column":25},"end":{"line":52,"column":3}}},"4":{"name":"(anonymous_5)","decl":{"start":{"line":54,"column":15},"end":{"line":54,"column":18}},"loc":{"start":{"line":54,"column":20},"end":{"line":56,"column":3}}},"5":{"name":"(anonymous_6)","decl":{"start":{"line":28,"column":2},"end":{"line":28,"column":19}},"loc":{"start":{"line":28,"column":19},"end":{"line":30,"column":3}}},"6":{"name":"(anonymous_7)","decl":{"start":{"line":58,"column":2},"end":{"line":58,"column":8}},"loc":{"start":{"line":58,"column":8},"end":{"line":84,"column":3}}}},"branchMap":{"0":{"loc":{"start":{"line":46,"column":6},"end":{"line":50,"column":7}},"type":"if","locations":[{"start":{"line":46,"column":6},"end":{"line":50,"column":7}},{"start":{"line":48,"column":13},"end":{"line":50,"column":7}}]},"1":{"loc":{"start":{"line":20,"column":18},"end":{"line":20,"column":58}},"type":"binary-expr","locations":[{"start":{"line":20,"column":18},"end":{"line":20,"column":52}},{"start":{"line":20,"column":56},"end":{"line":20,"column":58}}]},"2":{"loc":{"start":{"line":61,"column":4},"end":{"line":63,"column":5}},"type":"if","locations":[{"start":{"line":61,"column":4},"end":{"line":63,"column":5}},{"start":{},"end":{}}]}},"s":{"0":1,"1":1,"2":1,"3":1,"4":1,"5":7,"6":6,"7":3,"8":3,"9":3,"10":6,"11":9,"12":9,"13":9,"14":9,"15":8,"16":1,"17":1,"18":0,"19":6,"20":1,"21":6,"22":6,"23":25,"24":25,"25":2,"26":23,"27":1},"f":{"0":7,"1":3,"2":3,"3":9,"4":1,"5":6,"6":25},"b":{"0":[1,0],"1":[6,5],"2":[2,23]}}
,"C:\\Users\\Administrator\\Desktop\\rs-school\\class-components\\src\\test-utils.tsx": {"path":"C:\\Users\\Administrator\\Desktop\\rs-school\\class-components\\src\\test-utils.tsx","statementMap":{"0":{"start":{"line":5,"column":0},"end":{"line":5,"column":16}},"1":{"start":{"line":1,"column":0},"end":{"line":1,"column":48}},"2":{"start":{"line":3,"column":0},"end":{"line":3,"column":56}},"3":{"start":{"line":6,"column":2},"end":{"line":6,"column":53}},"4":{"start":{"line":9,"column":13},"end":{"line":12,"column":2}}},"fnMap":{"0":{"name":"renderWithErrorBoundary","decl":{"start":{"line":5,"column":16},"end":{"line":5,"column":39}},"loc":{"start":{"line":5,"column":56},"end":{"line":7,"column":1}}}},"branchMap":{},"s":{"0":2,"1":2,"2":2,"3":0,"4":2},"f":{"0":0},"b":{}}
,"C:\\Users\\Administrator\\Desktop\\rs-school\\class-components\\src\\components\\error-boundary.tsx": {"path":"C:\\Users\\Administrator\\Desktop\\rs-school\\class-components\\src\\components\\error-boundary.tsx","statementMap":{"0":{"start":{"line":1,"column":0},"end":{"line":1,"column":34}},"1":{"start":{"line":14,"column":4},"end":{"line":14,"column":17}},"2":{"start":{"line":15,"column":4},"end":{"line":15,"column":37}},"3":{"start":{"line":19,"column":4},"end":{"line":19,"column":30}},"4":{"start":{"line":23,"column":4},"end":{"line":23,"column":64}},"5":{"start":{"line":27,"column":4},"end":{"line":37,"column":5}},"6":{"start":{"line":28,"column":6},"end":{"line":36,"column":8}},"7":{"start":{"line":32,"column":33},"end":{"line":32,"column":57}},"8":{"start":{"line":39,"column":4},"end":{"line":39,"column":31}},"9":{"start":{"line":43,"column":0},"end":{"line":43,"column":29}}},"fnMap":{"0":{"name":"(anonymous_0)","decl":{"start":{"line":13,"column":2},"end":{"line":13,"column":14}},"loc":{"start":{"line":13,"column":26},"end":{"line":16,"column":3}}},"1":{"name":"(anonymous_1)","decl":{"start":{"line":18,"column":2},"end":{"line":18,"column":8}},"loc":{"start":{"line":18,"column":33},"end":{"line":20,"column":3}}},"2":{"name":"(anonymous_2)","decl":{"start":{"line":22,"column":2},"end":{"line":22,"column":19}},"loc":{"start":{"line":22,"column":49},"end":{"line":24,"column":3}}},"3":{"name":"(anonymous_3)","decl":{"start":{"line":26,"column":2},"end":{"line":26,"column":8}},"loc":{"start":{"line":26,"column":8},"end":{"line":40,"column":3}}},"4":{"name":"(anonymous_4)","decl":{"start":{"line":32,"column":27},"end":{"line":32,"column":30}},"loc":{"start":{"line":32,"column":33},"end":{"line":32,"column":57}}}},"branchMap":{"0":{"loc":{"start":{"line":27,"column":4},"end":{"line":37,"column":5}},"type":"if","locations":[{"start":{"line":27,"column":4},"end":{"line":37,"column":5}},{"start":{},"end":{}}]}},"s":{"0":3,"1":4,"2":3,"3":2,"4":1,"5":5,"6":2,"7":0,"8":3,"9":3},"f":{"0":4,"1":2,"2":1,"3":5,"4":0},"b":{"0":[2,3]}}
,"C:\\Users\\Administrator\\Desktop\\rs-school\\class-components\\src\\components\\pokemon-item.tsx": {"path":"C:\\Users\\Administrator\\Desktop\\rs-school\\class-components\\src\\components\\pokemon-item.tsx","statementMap":{"0":{"start":{"line":1,"column":0},"end":{"line":1,"column":34}},"1":{"start":{"line":10,"column":24},"end":{"line":10,"column":34}},"2":{"start":{"line":11,"column":4},"end":{"line":16,"column":6}},"3":{"start":{"line":20,"column":0},"end":{"line":20,"column":27}}},"fnMap":{"0":{"name":"(anonymous_0)","decl":{"start":{"line":9,"column":2},"end":{"line":9,"column":8}},"loc":{"start":{"line":9,"column":8},"end":{"line":17,"column":3}}}},"branchMap":{},"s":{"0":3,"1":3,"2":3,"3":3},"f":{"0":3},"b":{}}
,"C:\\Users\\Administrator\\Desktop\\rs-school\\class-components\\src\\components\\results.tsx": {"path":"C:\\Users\\Administrator\\Desktop\\rs-school\\class-components\\src\\components\\results.tsx","statementMap":{"0":{"start":{"line":1,"column":0},"end":{"line":1,"column":34}},"1":{"start":{"line":3,"column":0},"end":{"line":3,"column":50}},"2":{"start":{"line":17,"column":40},"end":{"line":17,"column":50}},"3":{"start":{"line":19,"column":4},"end":{"line":25,"column":5}},"4":{"start":{"line":20,"column":6},"end":{"line":24,"column":8}},"5":{"start":{"line":27,"column":4},"end":{"line":33,"column":5}},"6":{"start":{"line":28,"column":6},"end":{"line":32,"column":8}},"7":{"start":{"line":35,"column":4},"end":{"line":41,"column":5}},"8":{"start":{"line":36,"column":6},"end":{"line":40,"column":8}},"9":{"start":{"line":43,"column":4},"end":{"line":49,"column":6}},"10":{"start":{"line":46,"column":10},"end":{"line":46,"column":51}},"11":{"start":{"line":53,"column":4},"end":{"line":53,"column":75}},"12":{"start":{"line":12,"column":9},"end":{"line":14,"column":null}},"13":{"start":{"line":57,"column":0},"end":{"line":57,"column":23}}},"fnMap":{"0":{"name":"(anonymous_1)","decl":{"start":{"line":16,"column":2},"end":{"line":16,"column":15}},"loc":{"start":{"line":16,"column":15},"end":{"line":50,"column":3}}},"1":{"name":"(anonymous_2)","decl":{"start":{"line":45,"column":21},"end":{"line":45,"column":22}},"loc":{"start":{"line":46,"column":10},"end":{"line":46,"column":51}}},"2":{"name":"(anonymous_3)","decl":{"start":{"line":52,"column":2},"end":{"line":52,"column":8}},"loc":{"start":{"line":52,"column":8},"end":{"line":54,"column":3}}}},"branchMap":{"0":{"loc":{"start":{"line":19,"column":4},"end":{"line":25,"column":5}},"type":"if","locations":[{"start":{"line":19,"column":4},"end":{"line":25,"column":5}},{"start":{},"end":{}}]},"1":{"loc":{"start":{"line":27,"column":4},"end":{"line":33,"column":5}},"type":"if","locations":[{"start":{"line":27,"column":4},"end":{"line":33,"column":5}},{"start":{},"end":{}}]},"2":{"loc":{"start":{"line":35,"column":4},"end":{"line":41,"column":5}},"type":"if","locations":[{"start":{"line":35,"column":4},"end":{"line":41,"column":5}},{"start":{},"end":{}}]},"3":{"loc":{"start":{"line":35,"column":8},"end":{"line":35,"column":40}},"type":"binary-expr","locations":[{"start":{"line":35,"column":8},"end":{"line":35,"column":16}},{"start":{"line":35,"column":20},"end":{"line":35,"column":40}}]}},"s":{"0":2,"1":2,"2":27,"3":27,"4":10,"5":17,"6":2,"7":15,"8":13,"9":2,"10":2,"11":27,"12":2,"13":2},"f":{"0":27,"1":2,"2":27},"b":{"0":[10,17],"1":[2,15],"2":[13,2],"3":[15,15]}}
,"C:\\Users\\Administrator\\Desktop\\rs-school\\class-components\\src\\components\\search-bar.tsx": {"path":"C:\\Users\\Administrator\\Desktop\\rs-school\\class-components\\src\\components\\search-bar.tsx","statementMap":{"0":{"start":{"line":1,"column":0},"end":{"line":1,"column":72}},"1":{"start":{"line":14,"column":4},"end":{"line":14,"column":17}},"2":{"start":{"line":18,"column":2},"end":{"line":20,"column":null}},"3":{"start":{"line":19,"column":4},"end":{"line":19,"column":45}},"4":{"start":{"line":22,"column":2},"end":{"line":26,"column":null}},"5":{"start":{"line":23,"column":4},"end":{"line":25,"column":5}},"6":{"start":{"line":24,"column":6},"end":{"line":24,"column":26}},"7":{"start":{"line":28,"column":2},"end":{"line":31,"column":null}},"8":{"start":{"line":29,"column":20},"end":{"line":29,"column":43}},"9":{"start":{"line":30,"column":4},"end":{"line":30,"column":33}},"10":{"start":{"line":15,"column":4},"end":{"line":15,"column":47}},"11":{"start":{"line":34,"column":22},"end":{"line":34,"column":32}},"12":{"start":{"line":35,"column":4},"end":{"line":50,"column":6}},"13":{"start":{"line":54,"column":0},"end":{"line":54,"column":25}}},"fnMap":{"0":{"name":"(anonymous_0)","decl":{"start":{"line":13,"column":2},"end":{"line":13,"column":14}},"loc":{"start":{"line":13,"column":26},"end":{"line":16,"column":3}}},"1":{"name":"(anonymous_1)","decl":{"start":{"line":18,"column":16},"end":{"line":18,"column":17}},"loc":{"start":{"line":18,"column":53},"end":{"line":20,"column":3}}},"2":{"name":"(anonymous_2)","decl":{"start":{"line":22,"column":19},"end":{"line":22,"column":20}},"loc":{"start":{"line":22,"column":58},"end":{"line":26,"column":3}}},"3":{"name":"(anonymous_3)","decl":{"start":{"line":28,"column":17},"end":{"line":28,"column":20}},"loc":{"start":{"line":28,"column":22},"end":{"line":31,"column":3}}},"4":{"name":"(anonymous_4)","decl":{"start":{"line":33,"column":2},"end":{"line":33,"column":8}},"loc":{"start":{"line":33,"column":8},"end":{"line":51,"column":3}}}},"branchMap":{"0":{"loc":{"start":{"line":23,"column":4},"end":{"line":25,"column":5}},"type":"if","locations":[{"start":{"line":23,"column":4},"end":{"line":25,"column":5}},{"start":{},"end":{}}]}},"s":{"0":2,"1":12,"2":12,"3":2,"4":12,"5":2,"6":1,"7":12,"8":5,"9":5,"10":12,"11":30,"12":30,"13":2},"f":{"0":12,"1":2,"2":2,"3":5,"4":30},"b":{"0":[1,1]}}
,"C:\\Users\\Administrator\\Desktop\\rs-school\\class-components\\src\\services\\pokeapi.ts": {"path":"C:\\Users\\Administrator\\Desktop\\rs-school\\class-components\\src\\services\\pokeapi.ts","statementMap":{"0":{"start":{"line":23,"column":0},"end":{"line":23,"column":7}},"1":{"start":{"line":9,"column":2},"end":{"line":20,"column":3}},"2":{"start":{"line":10,"column":16},"end":{"line":10,"column":32}},"3":{"start":{"line":11,"column":4},"end":{"line":13,"column":5}},"4":{"start":{"line":12,"column":6},"end":{"line":12,"column":68}},"5":{"start":{"line":14,"column":4},"end":{"line":14,"column":36}},"6":{"start":{"line":16,"column":4},"end":{"line":18,"column":5}},"7":{"start":{"line":17,"column":6},"end":{"line":17,"column":18}},"8":{"start":{"line":19,"column":4},"end":{"line":19,"column":52}},"9":{"start":{"line":24,"column":18},"end":{"line":24,"column":49}},"10":{"start":{"line":25,"column":2},"end":{"line":27,"column":3}},"11":{"start":{"line":26,"column":4},"end":{"line":26,"column":14}},"12":{"start":{"line":29,"column":2},"end":{"line":48,"column":3}},"13":{"start":{"line":30,"column":21},"end":{"line":31,"column":null}},"14":{"start":{"line":34,"column":28},"end":{"line":40,"column":9}},"15":{"start":{"line":35,"column":27},"end":{"line":35,"column":57}},"16":{"start":{"line":37,"column":25},"end":{"line":40,"column":8}},"17":{"start":{"line":42,"column":4},"end":{"line":42,"column":27}},"18":{"start":{"line":44,"column":4},"end":{"line":46,"column":5}},"19":{"start":{"line":45,"column":6},"end":{"line":45,"column":18}},"20":{"start":{"line":47,"column":4},"end":{"line":47,"column":52}}},"fnMap":{"0":{"name":"fetchJson","decl":{"start":{"line":8,"column":15},"end":{"line":8,"column":24}},"loc":{"start":{"line":8,"column":39},"end":{"line":21,"column":1}}},"1":{"name":"fetchPokemon","decl":{"start":{"line":23,"column":22},"end":{"line":23,"column":34}},"loc":{"start":{"line":23,"column":53},"end":{"line":49,"column":1}}},"2":{"name":"(anonymous_2)","decl":{"start":{"line":35,"column":14},"end":{"line":35,"column":15}},"loc":{"start":{"line":35,"column":27},"end":{"line":35,"column":57}}},"3":{"name":"(anonymous_3)","decl":{"start":{"line":37,"column":11},"end":{"line":37,"column":12}},"loc":{"start":{"line":37,"column":25},"end":{"line":40,"column":8}}}},"branchMap":{"0":{"loc":{"start":{"line":11,"column":4},"end":{"line":13,"column":5}},"type":"if","locations":[{"start":{"line":11,"column":4},"end":{"line":13,"column":5}},{"start":{},"end":{}}]},"1":{"loc":{"start":{"line":16,"column":4},"end":{"line":18,"column":5}},"type":"if","locations":[{"start":{"line":16,"column":4},"end":{"line":18,"column":5}},{"start":{},"end":{}}]},"2":{"loc":{"start":{"line":25,"column":2},"end":{"line":27,"column":3}},"type":"if","locations":[{"start":{"line":25,"column":2},"end":{"line":27,"column":3}},{"start":{},"end":{}}]},"3":{"loc":{"start":{"line":44,"column":4},"end":{"line":46,"column":5}},"type":"if","locations":[{"start":{"line":44,"column":4},"end":{"line":46,"column":5}},{"start":{},"end":{}}]}},"s":{"0":2,"1":5,"2":5,"3":3,"4":1,"5":2,"6":3,"7":2,"8":1,"9":7,"10":7,"11":2,"12":5,"13":5,"14":2,"15":22,"16":11,"17":2,"18":3,"19":3,"20":0},"f":{"0":5,"1":7,"2":22,"3":11},"b":{"0":[1,2],"1":[2,1],"2":[2,5],"3":[3,0]}}
}
