TN:
SF:src\App.tsx
FN:17,(anonymous_1)
FN:32,(anonymous_2)
FN:33,(anonymous_3)
FN:39,(anonymous_4)
FN:54,(anonymous_5)
FN:28,(anonymous_6)
FN:58,(anonymous_7)
FNF:7
FNH:7
FNDA:7,(anonymous_1)
FNDA:3,(anonymous_2)
FNDA:3,(anonymous_3)
FNDA:9,(anonymous_4)
FNDA:1,(anonymous_5)
FNDA:6,(anonymous_6)
FNDA:25,(anonymous_7)
DA:1,1
DA:2,1
DA:3,1
DA:5,1
DA:6,1
DA:18,7
DA:19,6
DA:29,6
DA:32,6
DA:33,3
DA:34,3
DA:35,3
DA:39,6
DA:40,9
DA:41,9
DA:42,9
DA:43,9
DA:44,8
DA:46,1
DA:47,1
DA:49,0
DA:54,6
DA:55,1
DA:59,25
DA:61,25
DA:62,2
DA:65,23
DA:87,1
LF:28
LH:27
BRDA:46,0,0,1
BRDA:46,0,1,0
BRDA:20,1,0,6
BRDA:20,1,1,5
BRDA:61,2,0,2
BRDA:61,2,1,23
BRF:6
BRH:5
end_of_record
TN:
SF:src\test-utils.tsx
FN:5,renderWithErrorBoundary
FNF:1
FNH:0
FNDA:0,renderWithErrorBoundary
DA:1,2
DA:3,2
DA:5,2
DA:6,0
DA:9,2
LF:5
LH:4
BRF:0
BRH:0
end_of_record
TN:
SF:src\components\error-boundary.tsx
FN:13,(anonymous_0)
FN:18,(anonymous_1)
FN:22,(anonymous_2)
FN:26,(anonymous_3)
FN:32,(anonymous_4)
FNF:5
FNH:4
FNDA:4,(anonymous_0)
FNDA:2,(anonymous_1)
FNDA:1,(anonymous_2)
FNDA:5,(anonymous_3)
FNDA:0,(anonymous_4)
DA:1,3
DA:14,4
DA:15,3
DA:19,2
DA:23,1
DA:27,5
DA:28,2
DA:32,0
DA:39,3
DA:43,3
LF:10
LH:9
BRDA:27,0,0,2
BRDA:27,0,1,3
BRF:2
BRH:2
end_of_record
TN:
SF:src\components\pokemon-item.tsx
FN:9,(anonymous_0)
FNF:1
FNH:1
FNDA:3,(anonymous_0)
DA:1,3
DA:10,3
DA:11,3
DA:20,3
LF:4
LH:4
BRF:0
BRH:0
end_of_record
TN:
SF:src\components\results.tsx
FN:16,(anonymous_1)
FN:45,(anonymous_2)
FN:52,(anonymous_3)
FNF:3
FNH:3
FNDA:27,(anonymous_1)
FNDA:2,(anonymous_2)
FNDA:27,(anonymous_3)
DA:1,2
DA:3,2
DA:12,2
DA:17,27
DA:19,27
DA:20,10
DA:27,17
DA:28,2
DA:35,15
DA:36,13
DA:43,2
DA:46,2
DA:53,27
DA:57,2
LF:14
LH:14
BRDA:19,0,0,10
BRDA:19,0,1,17
BRDA:27,1,0,2
BRDA:27,1,1,15
BRDA:35,2,0,13
BRDA:35,2,1,2
BRDA:35,3,0,15
BRDA:35,3,1,15
BRF:8
BRH:8
end_of_record
TN:
SF:src\components\search-bar.tsx
FN:13,(anonymous_0)
FN:18,(anonymous_1)
FN:22,(anonymous_2)
FN:28,(anonymous_3)
FN:33,(anonymous_4)
FNF:5
FNH:5
FNDA:12,(anonymous_0)
FNDA:2,(anonymous_1)
FNDA:2,(anonymous_2)
FNDA:5,(anonymous_3)
FNDA:30,(anonymous_4)
DA:1,2
DA:14,12
DA:15,12
DA:18,12
DA:19,2
DA:22,12
DA:23,2
DA:24,1
DA:28,12
DA:29,5
DA:30,5
DA:34,30
DA:35,30
DA:54,2
LF:14
LH:14
BRDA:23,0,0,1
BRDA:23,0,1,1
BRF:2
BRH:2
end_of_record
TN:
SF:src\services\pokeapi.ts
FN:8,fetchJson
FN:23,fetchPokemon
FN:35,(anonymous_2)
FN:37,(anonymous_3)
FNF:4
FNH:4
FNDA:5,fetchJson
FNDA:7,fetchPokemon
FNDA:22,(anonymous_2)
FNDA:11,(anonymous_3)
DA:9,5
DA:10,5
DA:11,3
DA:12,1
DA:14,2
DA:16,3
DA:17,2
DA:19,1
DA:23,2
DA:24,7
DA:25,7
DA:26,2
DA:29,5
DA:30,5
DA:34,2
DA:35,22
DA:37,11
DA:42,2
DA:44,3
DA:45,3
DA:47,0
LF:21
LH:20
BRDA:11,0,0,1
BRDA:11,0,1,2
BRDA:16,1,0,2
BRDA:16,1,1,1
BRDA:25,2,0,2
BRDA:25,2,1,5
BRDA:44,3,0,3
BRDA:44,3,1,0
BRF:8
BRH:7
end_of_record
